<?xml version="1.0" encoding="UTF-8"?>
<!-- Generated by org.testng.reporters.JUnitReportReporter -->
<testsuite skipped="0" hostname="DESKTOP-V876IOA" name="practice.HrAssistant" tests="1" failures="0" timestamp="2023-08-18T12:20:58 IST" time="0.013" errors="0">
  <testcase name="create" time="0.013" classname="practice.HrAssistant"/>
  <system-out/>
</testsuite> <!-- practice.HrAssistant -->
